<?xml version="1.0" encoding="UTF-8"?>
<testng-results ignored="0" total="1" passed="1" failed="0" skipped="0">
  <reporter-output>
  </reporter-output>
  <suite started-at="2024-12-02T16:37:34 GMT+07:00" name="Default suite" finished-at="2024-12-02T16:38:23 GMT+07:00" duration-ms="48447">
    <groups>
    </groups>
    <test started-at="2024-12-02T16:37:34 GMT+07:00" name="Default test" finished-at="2024-12-02T16:38:23 GMT+07:00" duration-ms="48447">
      <class name="tests.Loginsaimk">
        <test-method is-config="true" signature="setUp()[pri:0, instance:tests.Loginsaimk@472698d]" started-at="2024-12-02T16:37:34 GMT+07:00" name="setUp" finished-at="2024-12-02T16:37:34 GMT+07:00" duration-ms="30" status="PASS">
          <reporter-output>
          </reporter-output>
        </test-method> <!-- setUp -->
        <test-method signature="loginWithIncorrectPasswordTest()[pri:0, instance:tests.Loginsaimk@472698d]" started-at="2024-12-02T16:37:34 GMT+07:00" name="loginWithIncorrectPasswordTest" finished-at="2024-12-02T16:38:22 GMT+07:00" duration-ms="48000" status="PASS">
          <reporter-output>
          </reporter-output>
        </test-method> <!-- loginWithIncorrectPasswordTest -->
        <test-method is-config="true" signature="tearDown()[pri:0, instance:tests.Loginsaimk@472698d]" started-at="2024-12-02T16:38:22 GMT+07:00" name="tearDown" finished-at="2024-12-02T16:38:23 GMT+07:00" duration-ms="337" status="PASS">
          <reporter-output>
          </reporter-output>
        </test-method> <!-- tearDown -->
      </class> <!-- tests.Loginsaimk -->
    </test> <!-- Default test -->
  </suite> <!-- Default suite -->
</testng-results>
